<?xml version="1.0" encoding="UTF-8"?>
<!-- Generated by org.testng.reporters.JUnitXMLReporter -->
<testsuite hostname="DESKTOP-LK7NIRS" ignored="0" name="Test" tests="8" failures="1" timestamp="26 Mar 2020 01:39:29 GMT" time="273.125" errors="0">
  <testcase name="Validatelogin" time="12.179" classname="com.ama.qa.testcases.LoginPageTest"/>
  <testcase name="verifyContactLabel" time="2.434" classname="com.ama.qa.testcases.ContactsPageTest">
    <failure type="java.lang.ArithmeticException" message="/ by zero">
      <![CDATA[java.lang.ArithmeticException: / by zero
	at com.ama.qa.testcases.ContactsPageTest.verifyContactLabel(ContactsPageTest.java:38)
... Removed 25 stack frames]]>
    </failure>
  </testcase> <!-- verifyContactLabel -->
  <testcase name="verifyHomePageTitleTest" time="0.021" classname="com.ama.qa.testcases.HomePageTest"/>
  <testcase name="createNewContactsTest" time="4.61" classname="com.ama.qa.testcases.ContactsPageTest"/>
  <testcase name="createNewContactsTest" time="4.22" classname="com.ama.qa.testcases.ContactsPageTest"/>
  <testcase name="createNewContactsTest" time="3.774" classname="com.ama.qa.testcases.ContactsPageTest"/>
  <testcase name="verifyUserTest" time="0.14" classname="com.ama.qa.testcases.HomePageTest"/>
  <testcase name="verifyContactsLinkTest" time="0.25" classname="com.ama.qa.testcases.HomePageTest"/>
</testsuite> <!-- Test -->
