<?xml version="1.0" encoding="UTF-8"?>
<testng-results skipped="0" failed="1" ignored="0" total="8" passed="7">
  <reporter-output>
  </reporter-output>
  <suite name="Suite" duration-ms="273125" started-at="2020-03-26T01:34:56Z" finished-at="2020-03-26T01:39:29Z">
    <groups>
    </groups>
    <test name="Test" duration-ms="273125" started-at="2020-03-26T01:34:56Z" finished-at="2020-03-26T01:39:29Z">
      <class name="com.ama.qa.testcases.ContactsPageTest">
        <test-method status="PASS" signature="setUp()[pri:0, instance:com.ama.qa.testcases.ContactsPageTest@66a3ffec]" name="setUp" is-config="true" duration-ms="29899" started-at="2020-03-26T07:05:38Z" finished-at="2020-03-26T07:06:07Z">
          <reporter-output>
          </reporter-output>
        </test-method> <!-- setUp -->
        <test-method status="FAIL" signature="verifyContactLabel()[pri:1, instance:com.ama.qa.testcases.ContactsPageTest@66a3ffec]" name="verifyContactLabel" duration-ms="2434" started-at="2020-03-26T07:06:07Z" finished-at="2020-03-26T07:06:10Z">
          <exception class="java.lang.ArithmeticException">
            <message>
              <![CDATA[/ by zero]]>
            </message>
            <full-stacktrace>
              <![CDATA[java.lang.ArithmeticException: / by zero
	at com.ama.qa.testcases.ContactsPageTest.verifyContactLabel(ContactsPageTest.java:38)
	at sun.reflect.NativeMethodAccessorImpl.invoke0(Native Method)
	at sun.reflect.NativeMethodAccessorImpl.invoke(NativeMethodAccessorImpl.java:62)
	at sun.reflect.DelegatingMethodAccessorImpl.invoke(DelegatingMethodAccessorImpl.java:43)
	at java.lang.reflect.Method.invoke(Method.java:498)
	at org.testng.internal.MethodInvocationHelper.invokeMethod(MethodInvocationHelper.java:108)
	at org.testng.internal.Invoker.invokeMethod(Invoker.java:661)
	at org.testng.internal.Invoker.invokeTestMethod(Invoker.java:869)
	at org.testng.internal.Invoker.invokeTestMethods(Invoker.java:1193)
	at org.testng.internal.TestMethodWorker.invokeTestMethods(TestMethodWorker.java:126)
	at org.testng.internal.TestMethodWorker.run(TestMethodWorker.java:109)
	at org.testng.TestRunner.privateRun(TestRunner.java:744)
	at org.testng.TestRunner.run(TestRunner.java:602)
	at org.testng.SuiteRunner.runTest(SuiteRunner.java:380)
	at org.testng.SuiteRunner.runSequentially(SuiteRunner.java:375)
	at org.testng.SuiteRunner.privateRun(SuiteRunner.java:340)
	at org.testng.SuiteRunner.run(SuiteRunner.java:289)
	at org.testng.SuiteRunnerWorker.runSuite(SuiteRunnerWorker.java:52)
	at org.testng.SuiteRunnerWorker.run(SuiteRunnerWorker.java:86)
	at org.testng.TestNG.runSuitesSequentially(TestNG.java:1301)
	at org.testng.TestNG.runSuitesLocally(TestNG.java:1226)
	at org.testng.TestNG.runSuites(TestNG.java:1144)
	at org.testng.TestNG.run(TestNG.java:1115)
	at org.testng.remote.AbstractRemoteTestNG.run(AbstractRemoteTestNG.java:114)
	at org.testng.remote.RemoteTestNG.initAndRun(RemoteTestNG.java:251)
	at org.testng.remote.RemoteTestNG.main(RemoteTestNG.java:77)
]]>
            </full-stacktrace>
          </exception> <!-- java.lang.ArithmeticException -->
          <reporter-output>
          </reporter-output>
        </test-method> <!-- verifyContactLabel -->
        <test-method status="PASS" signature="tearDown()[pri:0, instance:com.ama.qa.testcases.ContactsPageTest@66a3ffec]" name="tearDown" is-config="true" duration-ms="807" started-at="2020-03-26T07:06:10Z" finished-at="2020-03-26T07:06:11Z">
          <reporter-output>
          </reporter-output>
        </test-method> <!-- tearDown -->
        <test-method status="PASS" signature="setUp()[pri:0, instance:com.ama.qa.testcases.ContactsPageTest@66a3ffec]" name="setUp" is-config="true" duration-ms="26945" started-at="2020-03-26T07:06:45Z" finished-at="2020-03-26T07:07:12Z">
          <reporter-output>
          </reporter-output>
        </test-method> <!-- setUp -->
        <test-method status="PASS" signature="createNewContactsTest(java.lang.String, java.lang.String, java.lang.String, java.lang.String)[pri:2, instance:com.ama.qa.testcases.ContactsPageTest@66a3ffec]" name="createNewContactsTest" duration-ms="4610" started-at="2020-03-26T07:07:12Z" data-provider="getCRMTestData" finished-at="2020-03-26T07:07:17Z">
          <params>
            <param index="0">
              <value>
                <![CDATA[Mr.]]>
              </value>
            </param>
            <param index="1">
              <value>
                <![CDATA[Ramesh]]>
              </value>
            </param>
            <param index="2">
              <value>
                <![CDATA[Kumar]]>
              </value>
            </param>
            <param index="3">
              <value>
                <![CDATA[HCL]]>
              </value>
            </param>
          </params>
          <reporter-output>
          </reporter-output>
        </test-method> <!-- createNewContactsTest -->
        <test-method status="PASS" signature="tearDown()[pri:0, instance:com.ama.qa.testcases.ContactsPageTest@66a3ffec]" name="tearDown" is-config="true" duration-ms="876" started-at="2020-03-26T07:07:17Z" finished-at="2020-03-26T07:07:18Z">
          <reporter-output>
          </reporter-output>
        </test-method> <!-- tearDown -->
        <test-method status="PASS" signature="setUp()[pri:0, instance:com.ama.qa.testcases.ContactsPageTest@66a3ffec]" name="setUp" is-config="true" duration-ms="30379" started-at="2020-03-26T07:07:18Z" finished-at="2020-03-26T07:07:48Z">
          <reporter-output>
          </reporter-output>
        </test-method> <!-- setUp -->
        <test-method status="PASS" signature="createNewContactsTest(java.lang.String, java.lang.String, java.lang.String, java.lang.String)[pri:2, instance:com.ama.qa.testcases.ContactsPageTest@66a3ffec]" name="createNewContactsTest" duration-ms="4220" started-at="2020-03-26T07:07:48Z" data-provider="getCRMTestData" finished-at="2020-03-26T07:07:53Z">
          <params>
            <param index="0">
              <value>
                <![CDATA[Dr.]]>
              </value>
            </param>
            <param index="1">
              <value>
                <![CDATA[Jhon]]>
              </value>
            </param>
            <param index="2">
              <value>
                <![CDATA[Paul]]>
              </value>
            </param>
            <param index="3">
              <value>
                <![CDATA[Ebay]]>
              </value>
            </param>
          </params>
          <reporter-output>
          </reporter-output>
        </test-method> <!-- createNewContactsTest -->
        <test-method status="PASS" signature="tearDown()[pri:0, instance:com.ama.qa.testcases.ContactsPageTest@66a3ffec]" name="tearDown" is-config="true" duration-ms="823" started-at="2020-03-26T07:07:53Z" finished-at="2020-03-26T07:07:53Z">
          <reporter-output>
          </reporter-output>
        </test-method> <!-- tearDown -->
        <test-method status="PASS" signature="setUp()[pri:0, instance:com.ama.qa.testcases.ContactsPageTest@66a3ffec]" name="setUp" is-config="true" duration-ms="28528" started-at="2020-03-26T07:07:53Z" finished-at="2020-03-26T07:08:22Z">
          <reporter-output>
          </reporter-output>
        </test-method> <!-- setUp -->
        <test-method status="PASS" signature="createNewContactsTest(java.lang.String, java.lang.String, java.lang.String, java.lang.String)[pri:2, instance:com.ama.qa.testcases.ContactsPageTest@66a3ffec]" name="createNewContactsTest" duration-ms="3774" started-at="2020-03-26T07:08:22Z" data-provider="getCRMTestData" finished-at="2020-03-26T07:08:26Z">
          <params>
            <param index="0">
              <value>
                <![CDATA[Mrs.]]>
              </value>
            </param>
            <param index="1">
              <value>
                <![CDATA[Mukta]]>
              </value>
            </param>
            <param index="2">
              <value>
                <![CDATA[Sharma]]>
              </value>
            </param>
            <param index="3">
              <value>
                <![CDATA[Google]]>
              </value>
            </param>
          </params>
          <reporter-output>
          </reporter-output>
        </test-method> <!-- createNewContactsTest -->
        <test-method status="PASS" signature="tearDown()[pri:0, instance:com.ama.qa.testcases.ContactsPageTest@66a3ffec]" name="tearDown" is-config="true" duration-ms="834" started-at="2020-03-26T07:08:26Z" finished-at="2020-03-26T07:08:26Z">
          <reporter-output>
          </reporter-output>
        </test-method> <!-- tearDown -->
      </class> <!-- com.ama.qa.testcases.ContactsPageTest -->
      <class name="com.ama.qa.testcases.LoginPageTest">
        <test-method status="PASS" signature="setUp()[pri:0, instance:com.ama.qa.testcases.LoginPageTest@3e6fa38a]" name="setUp" is-config="true" duration-ms="28172" started-at="2020-03-26T07:04:56Z" finished-at="2020-03-26T07:05:24Z">
          <reporter-output>
          </reporter-output>
        </test-method> <!-- setUp -->
        <test-method status="PASS" signature="Validatelogin()[pri:0, instance:com.ama.qa.testcases.LoginPageTest@3e6fa38a]" name="Validatelogin" duration-ms="12179" started-at="2020-03-26T07:05:24Z" finished-at="2020-03-26T07:05:37Z">
          <reporter-output>
          </reporter-output>
        </test-method> <!-- Validatelogin -->
        <test-method status="PASS" signature="tearDown()[pri:0, instance:com.ama.qa.testcases.LoginPageTest@3e6fa38a]" name="tearDown" is-config="true" duration-ms="975" started-at="2020-03-26T07:05:37Z" finished-at="2020-03-26T07:05:38Z">
          <reporter-output>
          </reporter-output>
        </test-method> <!-- tearDown -->
      </class> <!-- com.ama.qa.testcases.LoginPageTest -->
      <class name="com.ama.qa.testcases.HomePageTest">
        <test-method status="PASS" signature="setUp()[pri:0, instance:com.ama.qa.testcases.HomePageTest@77caeb3e]" name="setUp" is-config="true" duration-ms="31761" started-at="2020-03-26T07:06:11Z" finished-at="2020-03-26T07:06:43Z">
          <reporter-output>
          </reporter-output>
        </test-method> <!-- setUp -->
        <test-method status="PASS" signature="verifyHomePageTitleTest()[pri:1, instance:com.ama.qa.testcases.HomePageTest@77caeb3e]" name="verifyHomePageTitleTest" duration-ms="21" started-at="2020-03-26T07:06:43Z" finished-at="2020-03-26T07:06:43Z">
          <reporter-output>
          </reporter-output>
        </test-method> <!-- verifyHomePageTitleTest -->
        <test-method status="PASS" signature="tearDown()[pri:0, instance:com.ama.qa.testcases.HomePageTest@77caeb3e]" name="tearDown" is-config="true" duration-ms="791" started-at="2020-03-26T07:06:43Z" finished-at="2020-03-26T07:06:43Z">
          <reporter-output>
          </reporter-output>
        </test-method> <!-- tearDown -->
        <test-method status="PASS" signature="setUp()[pri:0, instance:com.ama.qa.testcases.HomePageTest@77caeb3e]" name="setUp" is-config="true" duration-ms="27649" started-at="2020-03-26T07:08:26Z" finished-at="2020-03-26T07:08:54Z">
          <reporter-output>
          </reporter-output>
        </test-method> <!-- setUp -->
        <test-method status="PASS" signature="verifyUserTest()[pri:2, instance:com.ama.qa.testcases.HomePageTest@77caeb3e]" name="verifyUserTest" duration-ms="140" started-at="2020-03-26T07:08:54Z" finished-at="2020-03-26T07:08:54Z">
          <reporter-output>
          </reporter-output>
        </test-method> <!-- verifyUserTest -->
        <test-method status="PASS" signature="tearDown()[pri:0, instance:com.ama.qa.testcases.HomePageTest@77caeb3e]" name="tearDown" is-config="true" duration-ms="889" started-at="2020-03-26T07:08:54Z" finished-at="2020-03-26T07:08:55Z">
          <reporter-output>
          </reporter-output>
        </test-method> <!-- tearDown -->
        <test-method status="PASS" signature="setUp()[pri:0, instance:com.ama.qa.testcases.HomePageTest@77caeb3e]" name="setUp" is-config="true" duration-ms="32864" started-at="2020-03-26T07:08:55Z" finished-at="2020-03-26T07:09:28Z">
          <reporter-output>
          </reporter-output>
        </test-method> <!-- setUp -->
        <test-method status="PASS" signature="verifyContactsLinkTest()[pri:3, instance:com.ama.qa.testcases.HomePageTest@77caeb3e]" name="verifyContactsLinkTest" duration-ms="250" started-at="2020-03-26T07:09:28Z" finished-at="2020-03-26T07:09:28Z">
          <reporter-output>
          </reporter-output>
        </test-method> <!-- verifyContactsLinkTest -->
        <test-method status="PASS" signature="tearDown()[pri:0, instance:com.ama.qa.testcases.HomePageTest@77caeb3e]" name="tearDown" is-config="true" duration-ms="901" started-at="2020-03-26T07:09:28Z" finished-at="2020-03-26T07:09:29Z">
          <reporter-output>
          </reporter-output>
        </test-method> <!-- tearDown -->
      </class> <!-- com.ama.qa.testcases.HomePageTest -->
    </test> <!-- Test -->
  </suite> <!-- Suite -->
</testng-results>
